UG to STEP
! INFO-     NX STEP AP242 - V1872
! INFO-      
! INFO-     Start of Translation: 29-FEB-2024  8:27:36 PM
! INFO-      
! STATUS-   Converting Part: C:\Users\ZelenePC\Downloads\gp\Utilities_0.prt
! STATUS-    
! STATUS-   Converting to Output Form (Phase 2 of 3): 29-FEB-2024 8:27:36 PM
! STATUS-    
! INFO-           Summary of STEP Entities 
! INFO-      
! INFO-     Entity Type                                                   Count 
! INFO-     -----------                                                   ------ 
! INFO-     advanced_brep_shape_representation .......................:   1 
! INFO-     advanced_face ............................................:   8 
! INFO-     application_context ......................................:   1 
! INFO-     application_protocol_definition ..........................:   1 
! INFO-     axis2_placement_3d .......................................:   7 
! INFO-     b_spline_curve_with_knots ................................:   4 
! INFO-     b_spline_surface_with_knots ..............................:   2 
! INFO-     cartesian_point ..........................................:   545 
! INFO-     closed_shell .............................................:   1 
! INFO-     colour_rgb ...............................................:   1 
! INFO-     direction ................................................:   28 
! INFO-     edge_curve ...............................................:   18 
! INFO-     edge_loop ................................................:   10 
! INFO-     face_bound ...............................................:   10 
! INFO-     fill_area_style ..........................................:   1 
! INFO-     fill_area_style_colour ...................................:   1 
! INFO-     geometric_representation_context_and_global_uncertainty_a :   1 
! INFO-     length_unit_and_si_unit ..................................:   1 
! INFO-     line .....................................................:   14 
! INFO-     manifold_solid_brep ......................................:   1 
! INFO-     mechanical_design_geometric_presentation_representation ..:   1 
! INFO-     oriented_edge ............................................:   36 
! INFO-     plane ....................................................:   6 
! INFO-     plane_angle_unit_and_si_unit .............................:   1 
! INFO-     presentation_style_assignment ............................:   1 
! INFO-     product ..................................................:   1 
! INFO-     product_category .........................................:   1 
! INFO-     product_context ..........................................:   1 
! INFO-     product_definition .......................................:   1 
! INFO-     product_definition_context ...............................:   1 
! INFO-     product_definition_formation_with_specified_source .......:   1 
! INFO-     product_definition_shape .................................:   1 
! INFO-     product_related_product_category .........................:   1 
! INFO-     shape_definition_representation ..........................:   1 
! INFO-     shape_representation .....................................:   1 
! INFO-     shape_representation_relationship ........................:   1 
! INFO-     si_unit_and_solid_angle_unit .............................:   1 
! INFO-     styled_item ..............................................:   1 
! INFO-     surface_side_style .......................................:   1 
! INFO-     surface_style_fill_area ..................................:   1 
! INFO-     surface_style_usage ......................................:   1 
! INFO-     uncertainty_measure_with_unit ............................:   1 
! INFO-     vector ...................................................:   14 
! INFO-     vertex_point .............................................:   12 
! INFO-                                                                  ------- 
! INFO-     Total                                                         744 
! INFO-      
! INFO-     End of Translation: 29-FEB-2024  8:27:38 PM
! INFO-      
